<?xml version="1.0" encoding="UTF-8"?>
<testsuite name="Solution1Test" tests="3" skipped="0" failures="0" errors="0" timestamp="2021-01-12T10:14:56" hostname="CNCN_jyyan" time="0.004">
  <properties/>
  <testcase name="test1()" classname="Solution1Test" time="0.002"/>
  <testcase name="test2()" classname="Solution1Test" time="0.001"/>
  <testcase name="test3()" classname="Solution1Test" time="0.0"/>
  <system-out><![CDATA[]]></system-out>
  <system-err><![CDATA[]]></system-err>
</testsuite>
